<?xml version="1.0" encoding="UTF-8"?>
<testng-results ignored="0" total="1" passed="1" failed="0" skipped="0">
  <reporter-output>
  </reporter-output>
  <suite started-at="2024-12-07T20:12:44 IST" name="Default suite" finished-at="2024-12-07T20:12:45 IST" duration-ms="1514">
    <groups>
    </groups>
    <test started-at="2024-12-07T20:12:44 IST" name="Default test" finished-at="2024-12-07T20:12:45 IST" duration-ms="1514">
      <class name="com.test.pkg.TestsExample2">
        <test-method signature="listUsersAPI()[pri:0, instance:com.test.pkg.TestsExample2@a38c7fe]" started-at="2024-12-07T20:12:44 IST" name="listUsersAPI" finished-at="2024-12-07T20:12:45 IST" duration-ms="1483" status="PASS">
          <reporter-output>
          </reporter-output>
        </test-method> <!-- listUsersAPI -->
      </class> <!-- com.test.pkg.TestsExample2 -->
    </test> <!-- Default test -->
  </suite> <!-- Default suite -->
</testng-results>
