<?xml version="1.0" encoding="UTF-8"?>
<testng-results ignored="0" total="1" passed="1" failed="0" skipped="0">
  <reporter-output>
  </reporter-output>
  <suite started-at="2024-12-07T20:04:48 IST" name="Default suite" finished-at="2024-12-07T20:04:50 IST" duration-ms="1345">
    <groups>
    </groups>
    <test started-at="2024-12-07T20:04:48 IST" name="Default test" finished-at="2024-12-07T20:04:50 IST" duration-ms="1345">
      <class name="com.test.pkg.TestsExample1">
        <test-method signature="listUsersAPI()[pri:0, instance:com.test.pkg.TestsExample1@6221a451]" started-at="2024-12-07T20:04:48 IST" name="listUsersAPI" finished-at="2024-12-07T20:04:50 IST" duration-ms="1310" status="PASS">
          <reporter-output>
          </reporter-output>
        </test-method> <!-- listUsersAPI -->
      </class> <!-- com.test.pkg.TestsExample1 -->
    </test> <!-- Default test -->
  </suite> <!-- Default suite -->
</testng-results>
